JvmtiExport can_access_local_variables 0
JvmtiExport can_hotswap_or_post_breakpoint 0
JvmtiExport can_post_on_exceptions 0
# 106 ciObject found
instanceKlass okhttp3/internal/http1/Http1Codec$FixedLengthSink
instanceKlass okio/ForwardingSink
instanceKlass okio/Segment
instanceKlass okio/SegmentPool
instanceKlass okhttp3/internal/http/RequestLine
instanceKlass okhttp3/internal/http1/Http1Codec
instanceKlass okio/RealBufferedSink
instanceKlass okio/AsyncTimeout$1
instanceKlass okio/Okio$1
instanceKlass okio/RealBufferedSource
instanceKlass okio/AsyncTimeout$2
instanceKlass okio/Okio$2
instanceKlass java/net/Socket$2
instanceKlass okio/Timeout
instanceKlass okio/Okio
instanceKlass okhttp3/internal/connection/ConnectionSpecSelector
instanceKlass okhttp3/internal/http/HttpCodec
instanceKlass okhttp3/internal/ws/RealWebSocket$Streams
instanceKlass okhttp3/internal/http2/Http2Connection$Listener
instanceKlass okhttp3/internal/connection/RouteSelector$Selection
instanceKlass okhttp3/Route
instanceKlass java/util/ArrayDeque$DeqIterator
instanceKlass okhttp3/CacheControl$Builder
instanceKlass okhttp3/CacheControl
instanceKlass okhttp3/internal/cache/CacheStrategy
instanceKlass okhttp3/internal/cache/CacheStrategy$Factory
instanceKlass okhttp3/internal/connection/RouteSelector
instanceKlass okhttp3/Address
instanceKlass okhttp3/internal/connection/StreamAllocation
instanceKlass okhttp3/Connection
instanceKlass okhttp3/internal/http/RealInterceptorChain
instanceKlass okhttp3/internal/http/CallServerInterceptor
instanceKlass okhttp3/internal/connection/ConnectInterceptor
instanceKlass okhttp3/internal/cache/CacheInterceptor
instanceKlass okhttp3/internal/http/BridgeInterceptor
instanceKlass okhttp3/internal/http/RetryAndFollowUpInterceptor
instanceKlass okhttp3/RealCall
instanceKlass okhttp3/Headers
instanceKlass okhttp3/Request
instanceKlass okhttp3/internal/http/HttpMethod
instanceKlass com/google/common/io/ByteArrayDataInput
instanceKlass com/google/common/io/ByteArrayDataOutput
instanceKlass com/google/common/io/ByteStreams
instanceKlass okhttp3/MediaType
instanceKlass org/openqa/selenium/remote/internal/OkHttpClient$1
instanceKlass org/openqa/selenium/BuildInfo
instanceKlass com/google/common/collect/CollectSpliterators$1$$Lambda$236
instanceKlass com/google/common/collect/CollectSpliterators$1
instanceKlass com/google/common/collect/AbstractMapBasedMultimap$$Lambda$235
instanceKlass com/google/common/collect/CollectSpliterators$1FlatMapSpliterator$$Lambda$234
instanceKlass org/openqa/selenium/remote/http/HttpMessage$$Lambda$233
instanceKlass org/openqa/selenium/remote/http/HttpMessage$$Lambda$232
instanceKlass org/openqa/selenium/remote/http/HttpMessage$$Lambda$231
instanceKlass com/google/common/collect/CollectSpliterators$1FlatMapSpliterator
instanceKlass com/google/common/collect/CollectSpliterators
instanceKlass com/google/common/collect/AbstractMapBasedMultimap$$Lambda$230
instanceKlass com/google/common/collect/AbstractMapBasedMultimap$KeySet$1
instanceKlass sun/text/normalizer/VersionInfo
instanceKlass sun/net/idn/StringPrep$StringPrepTrieImpl
instanceKlass sun/net/idn/StringPrepDataReader
instanceKlass sun/net/idn/StringPrep
instanceKlass java/net/IDN
instanceKlass okhttp3/HttpUrl$Builder
instanceKlass okhttp3/HttpUrl
instanceKlass okhttp3/Headers$Builder
instanceKlass okhttp3/Request$Builder
instanceKlass com/google/common/collect/SortedSetMultimap
instanceKlass com/google/common/collect/Multimaps
instanceKlass com/google/common/net/MediaType$2
instanceKlass com/google/common/base/Joiner$MapJoiner
instanceKlass com/google/common/base/Joiner
instanceKlass com/google/common/primitives/Ints
instanceKlass com/google/common/collect/AbstractMapBasedMultiset$2
instanceKlass com/google/common/collect/Multisets$AbstractEntry
instanceKlass com/google/common/collect/Count
instanceKlass com/google/common/collect/Collections2
instanceKlass com/google/common/collect/Iterables
instanceKlass com/google/common/collect/Multiset$Entry
instanceKlass com/google/common/collect/SortedMultiset
instanceKlass com/google/common/collect/SortedMultisetBridge
instanceKlass com/google/common/collect/Multisets
instanceKlass com/google/common/collect/TransformedIterator
instanceKlass com/google/common/collect/Maps$13
instanceKlass com/google/common/base/ExtraObjectsMethodsForWeb
instanceKlass com/google/common/collect/Maps$9
instanceKlass com/google/common/net/MediaType$1
instanceKlass java/util/DualPivotQuicksort
instanceKlass com/google/common/base/CharMatcher
instanceKlass com/google/common/collect/ImmutableMultimap$Builder
instanceKlass com/google/common/base/Ascii
instanceKlass com/google/common/base/Charsets
instanceKlass com/google/common/net/MediaType
instanceKlass com/google/common/base/Converter
instanceKlass com/google/common/collect/SortedMapDifference
instanceKlass com/google/common/collect/MapDifference
instanceKlass com/google/common/collect/Maps$EntryTransformer
instanceKlass com/google/common/collect/Maps
instanceKlass com/google/common/collect/Multiset
instanceKlass com/google/common/collect/ListMultimap
instanceKlass org/openqa/selenium/remote/http/HttpMessage
instanceKlass org/openqa/selenium/remote/NewSessionPayload$$Lambda$229
instanceKlass org/openqa/selenium/remote/NewSessionPayload$$Lambda$228
instanceKlass org/openqa/selenium/remote/NewSessionPayload$$Lambda$227
instanceKlass org/openqa/selenium/remote/NewSessionPayload$$Lambda$226
instanceKlass java/util/stream/Streams$2
instanceKlass java/util/stream/Streams
instanceKlass java/util/stream/AbstractPipeline$$Lambda$225
instanceKlass java/util/stream/Streams$ConcatSpliterator
instanceKlass org/openqa/selenium/remote/NewSessionPayload$$Lambda$224
instanceKlass org/openqa/selenium/remote/NewSessionPayload$$Lambda$223
instanceKlass org/openqa/selenium/remote/NewSessionPayload$$Lambda$222
instanceKlass org/openqa/selenium/remote/NewSessionPayload$$Lambda$221
instanceKlass org/openqa/selenium/remote/NewSessionPayload$$Lambda$220
instanceKlass org/openqa/selenium/remote/NewSessionPayload$$Lambda$219
instanceKlass org/openqa/selenium/remote/NewSessionPayload$$Lambda$218
instanceKlass org/openqa/selenium/remote/session/SafariFilter$$Lambda$217
instanceKlass org/openqa/selenium/remote/session/SafariFilter$$Lambda$216
instanceKlass org/openqa/selenium/remote/session/SafariFilter$$Lambda$215
instanceKlass org/openqa/selenium/remote/session/SafariFilter$$Lambda$214
instanceKlass org/openqa/selenium/remote/session/OperaFilter$$Lambda$213
instanceKlass org/openqa/selenium/remote/session/OperaFilter$$Lambda$212
instanceKlass org/openqa/selenium/remote/session/OperaFilter$$Lambda$211
instanceKlass org/openqa/selenium/remote/session/OperaFilter$$Lambda$210
instanceKlass org/openqa/selenium/remote/session/InternetExplorerFilter$$Lambda$209
instanceKlass org/openqa/selenium/remote/session/InternetExplorerFilter$$Lambda$208
instanceKlass org/openqa/selenium/remote/session/InternetExplorerFilter$$Lambda$207
instanceKlass org/openqa/selenium/remote/session/InternetExplorerFilter$$Lambda$206
instanceKlass java/util/stream/Collectors$$Lambda$205
instanceKlass java/util/stream/Collectors$$Lambda$204
instanceKlass org/openqa/selenium/remote/NewSessionPayload$$Lambda$203
instanceKlass org/openqa/selenium/remote/NewSessionPayload$$Lambda$202
instanceKlass org/openqa/selenium/remote/NewSessionPayload$$Lambda$201
instanceKlass org/openqa/selenium/remote/NewSessionPayload$$Lambda$200
instanceKlass org/openqa/selenium/remote/NewSessionPayload$$Lambda$199
instanceKlass org/openqa/selenium/remote/session/FirefoxFilter$$Lambda$198
instanceKlass org/openqa/selenium/remote/session/FirefoxFilter$$Lambda$197
instanceKlass org/openqa/selenium/remote/session/FirefoxFilter$$Lambda$196
instanceKlass org/openqa/selenium/remote/session/FirefoxFilter$$Lambda$195
instanceKlass org/openqa/selenium/remote/session/FirefoxFilter$$Lambda$194
instanceKlass org/openqa/selenium/remote/session/FirefoxFilter$$Lambda$193
instanceKlass com/google/common/collect/CollectCollectors$$Lambda$192
instanceKlass com/google/common/collect/CollectCollectors$$Lambda$191
instanceKlass com/google/common/collect/CollectCollectors$$Lambda$190
instanceKlass java/lang/invoke/LambdaForm$DMH
instanceKlass com/google/common/collect/CollectCollectors$$Lambda$189
instanceKlass org/openqa/selenium/remote/session/EdgeFilter$$Lambda$188
instanceKlass org/openqa/selenium/remote/session/EdgeFilter$$Lambda$187
instanceKlass org/openqa/selenium/remote/session/EdgeFilter$$Lambda$186
instanceKlass org/openqa/selenium/remote/session/EdgeFilter$$Lambda$185
instanceKlass java/util/stream/StreamSpliterators$WrappingSpliterator$$Lambda$184
instanceKlass java/lang/invoke/LambdaForm$DMH
instanceKlass java/util/concurrent/ForkJoinPool$DefaultCommonPoolForkJoinWorkerThreadFactory
instanceKlass java/util/concurrent/ForkJoinPool$1
instanceKlass java/util/concurrent/ForkJoinPool$DefaultForkJoinWorkerThreadFactory
instanceKlass java/util/concurrent/ForkJoinPool$WorkQueue
instanceKlass java/util/concurrent/ForkJoinPool$ForkJoinWorkerThreadFactory
instanceKlass java/util/concurrent/ForkJoinTask
instanceKlass java/util/concurrent/Future
instanceKlass java/util/stream/StreamSpliterators$AbstractWrappingSpliterator
instanceKlass java/util/stream/AbstractPipeline$$Lambda$183
instanceKlass java/util/stream/Collectors$$Lambda$182
instanceKlass java/util/stream/Collectors$$Lambda$181
instanceKlass java/lang/invoke/LambdaForm$DMH
instanceKlass org/openqa/selenium/remote/session/ChromeFilter$$Lambda$180
instanceKlass org/openqa/selenium/remote/session/ChromeFilter$$Lambda$179
instanceKlass org/openqa/selenium/remote/session/ChromeFilter$$Lambda$178
instanceKlass org/openqa/selenium/remote/session/ChromeFilter$$Lambda$177
instanceKlass java/util/stream/DistinctOps
instanceKlass org/openqa/selenium/remote/session/ChromeFilter$$Lambda$176
instanceKlass org/openqa/selenium/remote/session/ChromeFilter$$Lambda$175
instanceKlass java/util/TreeMap$EntrySpliterator$$Lambda$174
instanceKlass java/util/TreeMap$TreeMapSpliterator
instanceKlass org/openqa/selenium/remote/NewSessionPayload$$Lambda$173
instanceKlass org/openqa/selenium/remote/NewSessionPayload$$Lambda$172
instanceKlass org/openqa/selenium/remote/NewSessionPayload$$Lambda$171
instanceKlass org/openqa/selenium/remote/NewSessionPayload$$Lambda$170
instanceKlass org/openqa/selenium/remote/NewSessionPayload$$Lambda$169
instanceKlass org/openqa/selenium/remote/NewSessionPayload$$Lambda$168
instanceKlass org/openqa/selenium/remote/NewSessionPayload$$Lambda$167
instanceKlass com/google/common/collect/CollectCollectors$$Lambda$166
instanceKlass com/google/common/collect/CollectCollectors$$Lambda$165
instanceKlass com/google/common/collect/CollectCollectors$$Lambda$164
instanceKlass com/google/common/collect/CollectCollectors$$Lambda$163
instanceKlass com/google/common/collect/CollectCollectors$$Lambda$162
instanceKlass com/google/common/collect/CollectCollectors$$Lambda$161
instanceKlass com/google/common/collect/CollectCollectors$$Lambda$160
instanceKlass com/google/common/collect/RangeGwtSerializationDependencies
instanceKlass com/google/common/base/Predicate
instanceKlass com/google/common/collect/CollectCollectors$$Lambda$159
instanceKlass com/google/common/collect/ImmutableRangeSet$Builder
instanceKlass com/google/common/collect/AbstractRangeSet
instanceKlass com/google/common/collect/RangeSet
instanceKlass com/google/common/collect/CollectCollectors$$Lambda$158
instanceKlass com/google/common/collect/CollectCollectors$$Lambda$157
instanceKlass com/google/common/collect/CollectCollectors$$Lambda$156
instanceKlass com/google/common/collect/CollectCollectors$$Lambda$155
instanceKlass com/google/common/collect/CollectCollectors$$Lambda$154
instanceKlass com/google/common/collect/CollectCollectors$$Lambda$153
instanceKlass com/google/common/collect/CollectCollectors$$Lambda$152
instanceKlass com/google/common/collect/CollectCollectors$$Lambda$151
instanceKlass com/google/common/collect/CollectCollectors
instanceKlass org/openqa/selenium/remote/NewSessionPayload$$Lambda$150
instanceKlass org/openqa/selenium/remote/NewSessionPayload$$Lambda$149
instanceKlass com/google/common/collect/Sets
instanceKlass org/openqa/selenium/remote/NewSessionPayload$$Lambda$148
instanceKlass org/openqa/selenium/remote/NewSessionPayload$$Lambda$147
instanceKlass org/openqa/selenium/remote/NewSessionPayload$$Lambda$146
instanceKlass org/openqa/selenium/remote/NewSessionPayload$$Lambda$145
instanceKlass org/openqa/selenium/remote/NewSessionPayload$$Lambda$144
instanceKlass org/openqa/selenium/json/JsonInput$1
instanceKlass org/openqa/selenium/remote/session/W3CPlatformNameNormaliser
instanceKlass org/openqa/selenium/remote/session/StripAnyPlatform
instanceKlass org/openqa/selenium/remote/session/ProxyTransform
instanceKlass org/openqa/selenium/remote/NewSessionPayload$$Lambda$143
instanceKlass org/openqa/selenium/remote/session/CapabilityTransform
instanceKlass org/openqa/selenium/remote/session/SafariFilter
instanceKlass org/openqa/selenium/remote/session/OperaFilter
instanceKlass org/openqa/selenium/remote/session/InternetExplorerFilter
instanceKlass org/openqa/selenium/remote/session/FirefoxFilter
instanceKlass org/openqa/selenium/remote/session/EdgeFilter
instanceKlass org/openqa/selenium/remote/session/ChromeFilter
instanceKlass org/openqa/selenium/remote/NewSessionPayload$$Lambda$142
instanceKlass org/openqa/selenium/remote/session/CapabilitiesFilter
instanceKlass org/openqa/selenium/json/JsonOutput$$Lambda$141
instanceKlass java/util/stream/Sink$ChainedInt
instanceKlass java/util/stream/Sink$OfInt
instanceKlass java/util/function/IntConsumer
instanceKlass java/util/Spliterators$IntIteratorSpliterator
instanceKlass java/lang/CharSequence$1CharIterator
instanceKlass java/util/PrimitiveIterator$OfInt
instanceKlass java/util/PrimitiveIterator
instanceKlass org/openqa/selenium/json/JsonOutput$$Lambda$140
instanceKlass org/openqa/selenium/json/JsonOutput$$Lambda$139
instanceKlass java/util/function/IntFunction
instanceKlass java/lang/invoke/LambdaForm$DMH
instanceKlass java/lang/CharSequence$$Lambda$138
instanceKlass org/openqa/selenium/json/JsonOutput$$Lambda$137
instanceKlass org/openqa/selenium/json/JsonOutput$$Lambda$136
instanceKlass org/openqa/selenium/json/JsonOutput$$Lambda$135
instanceKlass com/google/common/collect/AbstractMultimap
instanceKlass com/google/common/collect/SetMultimap
instanceKlass com/google/common/collect/Multimap
instanceKlass org/openqa/selenium/json/JsonOutput$$Lambda$134
instanceKlass org/openqa/selenium/json/JsonOutput$$Lambda$133
instanceKlass org/openqa/selenium/json/JsonOutput$$Lambda$132
instanceKlass org/openqa/selenium/json/JsonOutput$$Lambda$131
instanceKlass java/lang/invoke/LambdaForm$BMH
instanceKlass org/openqa/selenium/json/JsonOutput$$Lambda$130
instanceKlass org/openqa/selenium/json/JsonOutput$$Lambda$129
instanceKlass org/openqa/selenium/json/JsonOutput$$Lambda$128
instanceKlass org/openqa/selenium/json/JsonOutput$$Lambda$127
instanceKlass org/openqa/selenium/json/JsonOutput$$Lambda$126
instanceKlass org/openqa/selenium/json/JsonOutput$$Lambda$125
instanceKlass org/openqa/selenium/json/JsonOutput$$Lambda$124
instanceKlass org/openqa/selenium/json/JsonOutput$$Lambda$123
instanceKlass org/openqa/selenium/json/JsonOutput$$Lambda$122
instanceKlass org/openqa/selenium/json/JsonOutput$$Lambda$121
instanceKlass org/openqa/selenium/json/JsonOutput$$Lambda$120
instanceKlass org/openqa/selenium/json/JsonOutput$$Lambda$119
instanceKlass org/openqa/selenium/json/JsonOutput$$Lambda$118
instanceKlass org/openqa/selenium/json/JsonOutput$$Lambda$117
instanceKlass org/openqa/selenium/json/JsonOutput$$Lambda$116
instanceKlass org/openqa/selenium/json/JsonOutput$$Lambda$115
instanceKlass org/openqa/selenium/json/JsonOutput$$Lambda$114
instanceKlass org/openqa/selenium/json/JsonOutput$$Lambda$113
instanceKlass org/openqa/selenium/json/JsonOutput$$Lambda$112
instanceKlass org/openqa/selenium/json/JsonOutput$$Lambda$111
instanceKlass org/openqa/selenium/json/JsonOutput$$Lambda$110
instanceKlass org/openqa/selenium/json/JsonOutput$$Lambda$109
instanceKlass org/openqa/selenium/json/JsonOutput$$Lambda$108
instanceKlass org/openqa/selenium/json/JsonOutput$$Lambda$107
instanceKlass org/openqa/selenium/json/JsonOutput$$Lambda$106
instanceKlass org/openqa/selenium/json/JsonOutput$$Lambda$105
instanceKlass org/openqa/selenium/json/JsonOutput$$Lambda$104
instanceKlass org/openqa/selenium/json/JsonOutput$$Lambda$103
instanceKlass org/openqa/selenium/json/JsonOutput$$Lambda$102
instanceKlass org/openqa/selenium/json/JsonOutput$$Lambda$101
instanceKlass org/openqa/selenium/json/JsonOutput$$Lambda$100
instanceKlass org/openqa/selenium/json/JsonOutput$$Lambda$99
instanceKlass org/openqa/selenium/json/JsonOutput$$Lambda$98
instanceKlass org/openqa/selenium/json/JsonOutput$$Lambda$97
instanceKlass org/openqa/selenium/json/JsonOutput$$Lambda$96
instanceKlass org/openqa/selenium/json/JsonOutput$SafeBiConsumer
instanceKlass org/openqa/selenium/json/JsonOutput$$Lambda$95
instanceKlass org/openqa/selenium/json/JsonOutput$Node
instanceKlass org/openqa/selenium/json/JsonOutput$$Lambda$94
instanceKlass org/openqa/selenium/json/JsonOutput$$Lambda$93
instanceKlass org/openqa/selenium/json/JsonOutput
instanceKlass java/util/function/Predicate$$Lambda$92
instanceKlass java/lang/invoke/LambdaForm$DMH
instanceKlass java/util/regex/Pattern$$Lambda$91
instanceKlass java/lang/invoke/LambdaForm$DMH
instanceKlass org/openqa/selenium/remote/AcceptedW3CCapabilityKeys$$Lambda$90
instanceKlass java/lang/invoke/LambdaForm$DMH
instanceKlass org/openqa/selenium/remote/AcceptedW3CCapabilityKeys$$Lambda$89
instanceKlass java/lang/invoke/LambdaForm$DMH
instanceKlass org/openqa/selenium/remote/AcceptedW3CCapabilityKeys$$Lambda$88
instanceKlass org/openqa/selenium/remote/AcceptedW3CCapabilityKeys$$Lambda$87
instanceKlass org/openqa/selenium/remote/AcceptedW3CCapabilityKeys
instanceKlass org/openqa/selenium/remote/ResponseCodec
instanceKlass org/openqa/selenium/remote/CommandCodec
instanceKlass org/openqa/selenium/remote/NewSessionPayload
instanceKlass com/google/common/io/CharSource
instanceKlass com/google/common/hash/PrimitiveSink
instanceKlass org/openqa/selenium/logging/LogEntry$$Lambda$86
instanceKlass org/openqa/selenium/remote/ProtocolHandshake
instanceKlass org/apache/commons/exec/StreamPumper
instanceKlass org/apache/commons/exec/environment/DefaultProcessingEnvironment
instanceKlass org/apache/commons/exec/environment/EnvironmentUtils
instanceKlass org/apache/commons/exec/DefaultExecutor$1
instanceKlass org/apache/commons/exec/CommandLine$Argument
instanceKlass org/apache/commons/exec/util/StringUtils
instanceKlass org/apache/commons/exec/CommandLine
instanceKlass org/apache/commons/exec/OS
instanceKlass org/apache/commons/exec/launcher/CommandLauncherImpl
instanceKlass org/apache/commons/exec/launcher/CommandLauncher
instanceKlass org/apache/commons/exec/launcher/CommandLauncherFactory
instanceKlass org/apache/commons/exec/PumpStreamHandler
instanceKlass org/apache/commons/exec/DefaultExecutor
instanceKlass org/apache/commons/exec/DefaultExecuteResultHandler
instanceKlass org/apache/commons/exec/ExecuteResultHandler
instanceKlass org/apache/commons/exec/ExecuteStreamHandler
instanceKlass org/apache/commons/exec/ExecuteWatchdog
instanceKlass org/apache/commons/exec/TimeoutObserver
instanceKlass org/apache/commons/exec/Executor
instanceKlass org/openqa/selenium/os/OsProcess
instanceKlass com/google/common/collect/Platform
instanceKlass com/google/common/collect/ObjectArrays
instanceKlass org/openqa/selenium/os/CommandLine
instanceKlass org/openqa/selenium/remote/RemoteLogs
instanceKlass org/openqa/selenium/logging/LoggingPreferences
instanceKlass org/openqa/selenium/remote/RemoteMouse
instanceKlass org/openqa/selenium/remote/RemoteKeyboard
instanceKlass org/openqa/selenium/remote/RemoteExecuteMethod
instanceKlass org/openqa/selenium/remote/internal/JsonToWebElementConverter
instanceKlass org/openqa/selenium/remote/UselessFileDetector
instanceKlass org/openqa/selenium/remote/ErrorHandler
instanceKlass org/openqa/selenium/Proxy
instanceKlass org/openqa/selenium/MutableCapabilities$$Lambda$85
instanceKlass com/google/common/collect/ImmutableSortedMap$1
instanceKlass java/util/Vector$Itr
instanceKlass java/util/zip/ZipOutputStream$XEntry
instanceKlass java/util/zip/Deflater
instanceKlass sun/nio/ch/IOStatus
instanceKlass java/nio/DirectByteBuffer$Deallocator
instanceKlass sun/nio/ch/Util$BufferCache
instanceKlass sun/nio/ch/Util$2
instanceKlass sun/nio/ch/Util
instanceKlass java/nio/channels/spi/AbstractInterruptibleChannel$1
instanceKlass java/nio/channels/Channels
instanceKlass org/openqa/selenium/json/CollectionCoercer$$Lambda$84
instanceKlass org/openqa/selenium/json/CollectionCoercer$$Lambda$83
instanceKlass java/io/FileOutputStream$1
instanceKlass org/openqa/selenium/io/Zip
instanceKlass org/openqa/selenium/io/FileHandler
instanceKlass java/io/File$TempDirectory
instanceKlass org/openqa/selenium/io/TemporaryFilesystem$$Lambda$82
instanceKlass java/util/concurrent/locks/ReentrantReadWriteLock$WriteLock
instanceKlass java/util/concurrent/locks/ReentrantReadWriteLock$ReadLock
instanceKlass org/openqa/selenium/io/TemporaryFilesystem
instanceKlass com/google/common/collect/ImmutableMap$Builder
instanceKlass com/google/common/collect/Ordering
instanceKlass com/google/common/collect/SortedIterable
instanceKlass java/util/Collections$UnmodifiableMap$UnmodifiableEntrySet$1
instanceKlass sun/text/normalizer/NormalizerImpl$DecomposeArgs
instanceKlass sun/text/normalizer/UnicodeSet
instanceKlass sun/text/normalizer/UnicodeMatcher
instanceKlass sun/text/normalizer/CharTrie$FriendAgent
instanceKlass sun/text/normalizer/Trie
instanceKlass sun/text/normalizer/NormalizerImpl$AuxTrieImpl
instanceKlass sun/text/normalizer/NormalizerImpl$NormTrieImpl
instanceKlass sun/text/normalizer/NormalizerImpl$FCDTrieImpl
instanceKlass sun/text/normalizer/Trie$DataManipulate
instanceKlass sun/text/normalizer/ICUBinary
instanceKlass sun/text/normalizer/NormalizerDataReader
instanceKlass sun/text/normalizer/ICUBinary$Authenticate
instanceKlass sun/text/normalizer/ICUData
instanceKlass sun/text/normalizer/NormalizerImpl
instanceKlass okhttp3/internal/tls/BasicTrustRootIndex
instanceKlass sun/nio/fs/BasicFileAttributesHolder
instanceKlass java/net/NetworkInterface$2
instanceKlass java/net/DefaultInterface
instanceKlass java/net/InterfaceAddress
instanceKlass java/net/NetworkInterface$1
instanceKlass java/net/NetworkInterface
instanceKlass sun/security/provider/SeedGenerator$1
instanceKlass sun/security/provider/SeedGenerator
instanceKlass sun/security/provider/SecureRandom$SeederHolder
instanceKlass javax/net/ssl/X509ExtendedKeyManager
instanceKlass javax/net/ssl/X509KeyManager
instanceKlass javax/net/ssl/KeyManager
instanceKlass sun/security/action/GetIntegerAction
instanceKlass sun/security/ssl/SSLSessionContextImpl
instanceKlass javax/net/ssl/SSLSessionContext
instanceKlass sun/security/ssl/EphemeralKeyManager$EphemeralKeyPair
instanceKlass sun/security/ssl/EphemeralKeyManager
instanceKlass sun/security/ssl/SSLContextImpl$CustomizedSSLProtocols
instanceKlass java/security/spec/ECGenParameterSpec
instanceKlass sun/security/util/ECKeySizeParameterSpec
instanceKlass sun/security/util/SecurityProviderConstants
instanceKlass sun/security/ec/point/Point
instanceKlass java/security/KeyPairGeneratorSpi
instanceKlass javax/crypto/KeyAgreement
instanceKlass sun/security/ssl/JsseJce$EcAvailability
instanceKlass sun/security/ssl/SSLAlgorithmDecomposer$1
instanceKlass sun/security/ssl/SSLCipher$1
instanceKlass sun/security/ssl/SSLCipher$T13GcmWriteCipherGenerator
instanceKlass sun/security/ssl/SSLCipher$T13GcmReadCipherGenerator
instanceKlass sun/security/ssl/SSLCipher$T12GcmWriteCipherGenerator
instanceKlass sun/security/ssl/SSLCipher$T12GcmReadCipherGenerator
instanceKlass javax/crypto/JceSecurityManager$1
instanceKlass sun/security/ssl/SSLCipher$T11BlockWriteCipherGenerator
instanceKlass sun/security/ssl/SSLCipher$T11BlockReadCipherGenerator
instanceKlass sun/security/ssl/SSLCipher$T10BlockWriteCipherGenerator
instanceKlass sun/security/ssl/SSLCipher$T10BlockReadCipherGenerator
instanceKlass javax/crypto/JceSecurity$2
instanceKlass javax/crypto/JceSecurity$IdentityWrapper
instanceKlass javax/crypto/JarVerifier
instanceKlass javax/crypto/CryptoPolicyParser$CryptoPermissionEntry
instanceKlass javax/crypto/CryptoPolicyParser$GrantEntry
instanceKlass javax/crypto/CryptoPolicyParser
instanceKlass javax/crypto/JceSecurity$1
instanceKlass java/security/SecureRandomSpi
instanceKlass javax/crypto/JceSecurity
instanceKlass javax/crypto/Cipher$Transform
instanceKlass javax/crypto/Cipher
instanceKlass sun/security/krb5/Realm
instanceKlass sun/security/krb5/PrincipalName
instanceKlass sun/security/ssl/JsseJce$1
instanceKlass sun/security/ssl/Utilities
instanceKlass sun/security/ssl/JsseJce
instanceKlass sun/security/ssl/SSLCipher$StreamWriteCipherGenerator
instanceKlass sun/security/ssl/SSLCipher$StreamReadCipherGenerator
instanceKlass sun/security/ssl/SSLCipher$NullWriteCipherGenerator
instanceKlass sun/security/ssl/SSLCipher$WriteCipherGenerator
instanceKlass sun/security/ssl/SSLCipher$NullReadCipherGenerator
instanceKlass sun/security/ssl/SSLCipher$ReadCipherGenerator
instanceKlass sun/security/ssl/SSLAlgorithmConstraints
instanceKlass javax/net/ssl/SSLContextSpi
instanceKlass javax/net/ssl/SSLContext
instanceKlass javax/net/ssl/HandshakeCompletedListener
instanceKlass javax/net/ssl/SSLSession
instanceKlass javax/net/ssl/SSLParameters
instanceKlass sun/security/mscapi/SunMSCAPI$1
instanceKlass sun/security/smartcardio/SunPCSC$1
instanceKlass org/jcp/xml/dsig/internal/dom/XMLDSigRI$1
instanceKlass com/sun/security/sasl/Provider$1
instanceKlass sun/security/jgss/SunProvider$1
instanceKlass okhttp3/internal/tls/CertificateChainCleaner
instanceKlass okhttp3/internal/tls/TrustRootIndex
instanceKlass okhttp3/internal/platform/Platform
instanceKlass javax/net/ssl/X509ExtendedTrustManager
instanceKlass javax/net/ssl/X509TrustManager
instanceKlass javax/net/ssl/TrustManager
instanceKlass sun/security/validator/TrustStoreUtil
instanceKlass sun/security/x509/RFC822Name
instanceKlass sun/security/x509/NetscapeCertTypeExtension$MapEntry
instanceKlass sun/security/util/ECUtil
instanceKlass java/security/interfaces/ECPublicKey
instanceKlass java/security/AlgorithmParametersSpi
instanceKlass java/security/AlgorithmParameters
instanceKlass java/util/logging/Logger$1
instanceKlass sun/security/provider/JavaKeyStore$TrustedCertEntry
instanceKlass sun/security/action/OpenFileInputStreamAction
instanceKlass sun/security/provider/KeyStoreDelegator$1
instanceKlass java/security/KeyStoreSpi
instanceKlass sun/security/ssl/SSLLogger
instanceKlass java/security/KeyStore$1
instanceKlass java/security/KeyStore
instanceKlass sun/security/ssl/TrustStoreManager$TrustStoreDescriptor$1
instanceKlass sun/security/ssl/TrustStoreManager$TrustStoreDescriptor
instanceKlass sun/security/ssl/TrustStoreManager$TrustAnchorManager
instanceKlass sun/security/ssl/TrustStoreManager
instanceKlass sun/security/ssl/SunJSSE$1
instanceKlass java/util/concurrent/ConcurrentHashMap$MapEntry
instanceKlass java/util/concurrent/ConcurrentHashMap$Traverser
instanceKlass sun/security/ec/SunECEntries
instanceKlass sun/nio/fs/WindowsUriSupport
instanceKlass sun/security/ec/SunEC$1
instanceKlass javax/net/ssl/TrustManagerFactorySpi
instanceKlass javax/net/ssl/TrustManagerFactory$1
instanceKlass javax/net/ssl/TrustManagerFactory
instanceKlass org/openqa/selenium/remote/internal/OkHttpClient
instanceKlass org/openqa/selenium/remote/internal/OkHttpClient$Factory$1$$Lambda$81
instanceKlass okhttp3/Interceptor
instanceKlass okhttp3/Response
instanceKlass okhttp3/Interceptor$Chain
instanceKlass com/google/common/base/CommonPattern
instanceKlass com/google/common/base/Platform$JdkPatternCompiler
instanceKlass com/google/common/base/PatternCompiler
instanceKlass com/google/common/base/Platform
instanceKlass com/google/common/base/Strings
instanceKlass okhttp3/Dns$1
instanceKlass okhttp3/Dns
instanceKlass okhttp3/Authenticator$1
instanceKlass okhttp3/CertificatePinner$Builder
instanceKlass okhttp3/CertificatePinner
instanceKlass okhttp3/internal/tls/OkHostnameVerifier
instanceKlass javax/net/SocketFactory
instanceKlass okhttp3/CookieJar$1
instanceKlass okhttp3/CookieJar
instanceKlass okhttp3/EventListener$2
instanceKlass okhttp3/EventListener$Factory
instanceKlass okhttp3/EventListener
instanceKlass okhttp3/ConnectionSpec$Builder
instanceKlass okhttp3/CipherSuite$1
instanceKlass okhttp3/CipherSuite
instanceKlass okhttp3/ConnectionSpec
instanceKlass okhttp3/Call
instanceKlass okhttp3/WebSocket
instanceKlass okhttp3/internal/Internal
instanceKlass okhttp3/OkHttpClient
instanceKlass okhttp3/WebSocket$Factory
instanceKlass okhttp3/Call$Factory
instanceKlass okhttp3/Dispatcher
instanceKlass javax/net/ssl/HostnameVerifier
instanceKlass okhttp3/OkHttpClient$Builder
instanceKlass org/openqa/selenium/remote/http/HttpClient
instanceKlass org/openqa/selenium/logging/LocalLogs
instanceKlass java/net/InetAddress$CachedAddresses
instanceKlass sun/net/InetAddressCachePolicy$2
instanceKlass sun/net/InetAddressCachePolicy$1
instanceKlass sun/net/InetAddressCachePolicy
instanceKlass java/net/InetAddress$NameServiceAddresses
instanceKlass java/net/InetAddress$Addresses
instanceKlass java/util/concurrent/ConcurrentSkipListMap$Iter
instanceKlass org/openqa/selenium/net/FixedIANAPortRange
instanceKlass java/util/Random
instanceKlass org/openqa/selenium/net/EphemeralPortRangeDetector
instanceKlass org/openqa/selenium/net/PortProber
instanceKlass okhttp3/internal/connection/RouteDatabase
instanceKlass okhttp3/ConnectionPool$1
instanceKlass okhttp3/internal/Util$2
instanceKlass java/lang/Throwable$PrintStreamOrWriter
instanceKlass okhttp3/internal/Util$1
instanceKlass okhttp3/RequestBody
instanceKlass okio/Util
instanceKlass okio/ByteString
instanceKlass okio/Buffer
instanceKlass okio/BufferedSink
instanceKlass okio/Sink
instanceKlass okio/BufferedSource
instanceKlass okio/Source
instanceKlass okhttp3/ResponseBody
instanceKlass okhttp3/internal/Util
instanceKlass okhttp3/ConnectionPool
instanceKlass org/openqa/selenium/remote/http/HttpClient$Builder
instanceKlass org/openqa/selenium/remote/internal/OkHttpClient$Factory
instanceKlass org/openqa/selenium/logging/LogEntry
instanceKlass java/util/Collections$2
instanceKlass org/openqa/selenium/os/ExecutableFinder
instanceKlass org/openqa/selenium/firefox/FirefoxBinary$$Lambda$80
instanceKlass org/openqa/selenium/firefox/FirefoxBinary$$Lambda$79
instanceKlass org/openqa/selenium/firefox/FirefoxBinary$$Lambda$78
instanceKlass org/openqa/selenium/firefox/FirefoxBinary$$Lambda$77
instanceKlass org/openqa/selenium/firefox/FirefoxBinary$$Lambda$76
instanceKlass org/openqa/selenium/firefox/FirefoxBinary$$Lambda$75
instanceKlass java/util/Collections$UnmodifiableMap$UnmodifiableEntrySet$UnmodifiableEntry
instanceKlass java/util/Collections$UnmodifiableMap$UnmodifiableEntrySet$$Lambda$74
instanceKlass org/openqa/selenium/firefox/FirefoxBinary$$Lambda$73
instanceKlass java/util/Collections$UnmodifiableMap$UnmodifiableEntrySet$UnmodifiableEntrySetSpliterator
instanceKlass java/util/stream/Collectors$$Lambda$72
instanceKlass java/util/stream/Collectors$$Lambda$71
instanceKlass java/util/stream/Collectors$$Lambda$70
instanceKlass org/openqa/selenium/firefox/FirefoxBinary$$Lambda$69
instanceKlass org/openqa/selenium/firefox/Executable
instanceKlass org/openqa/selenium/firefox/FirefoxBinary$$Lambda$68
instanceKlass org/openqa/selenium/firefox/FirefoxBinary$$Lambda$67
instanceKlass java/lang/invoke/LambdaForm$DMH
instanceKlass org/openqa/selenium/firefox/FirefoxBinary$$Lambda$66
instanceKlass java/lang/invoke/LambdaForm$DMH
instanceKlass org/openqa/selenium/firefox/FirefoxBinary$$Lambda$65
instanceKlass org/openqa/selenium/firefox/FirefoxOptions$$Lambda$64
instanceKlass org/openqa/selenium/firefox/FirefoxOptions$$Lambda$63
instanceKlass org/openqa/selenium/firefox/FirefoxBinary
instanceKlass org/openqa/selenium/firefox/FirefoxOptions$Binary
instanceKlass org/openqa/selenium/firefox/FirefoxOptions$$Lambda$62
instanceKlass org/apache/commons/lang/SystemUtils
instanceKlass com/kms/katalon/core/webui/util/OSUtil
instanceKlass com/google/common/collect/AbstractMapEntry
instanceKlass com/google/common/collect/CollectPreconditions
instanceKlass com/google/common/collect/BiMap
instanceKlass com/google/common/collect/ImmutableMap
instanceKlass org/openqa/selenium/remote/CommandInfo
instanceKlass org/openqa/selenium/firefox/FirefoxDriver$ExtraCommands
instanceKlass org/openqa/selenium/remote/service/DriverService$Builder
instanceKlass org/openqa/selenium/remote/service/DriverService
instanceKlass org/openqa/selenium/interactions/Keyboard
instanceKlass org/openqa/selenium/interactions/Mouse
instanceKlass org/openqa/selenium/WebDriver$Options
instanceKlass org/openqa/selenium/WebDriver$Navigation
instanceKlass org/openqa/selenium/WebDriver$TargetLocator
instanceKlass org/openqa/selenium/logging/Logs
instanceKlass org/openqa/selenium/remote/ExecuteMethod
instanceKlass org/openqa/selenium/remote/FileDetector
instanceKlass org/openqa/selenium/remote/RemoteWebDriver
instanceKlass org/openqa/selenium/interactions/Interactive
instanceKlass org/openqa/selenium/HasCapabilities
instanceKlass org/openqa/selenium/interactions/HasInputDevices
instanceKlass org/openqa/selenium/internal/FindsByXPath
instanceKlass org/openqa/selenium/internal/FindsByTagName
instanceKlass org/openqa/selenium/internal/FindsByCssSelector
instanceKlass org/openqa/selenium/internal/FindsByName
instanceKlass org/openqa/selenium/internal/FindsByLinkText
instanceKlass org/openqa/selenium/internal/FindsByClassName
instanceKlass org/openqa/selenium/internal/FindsById
instanceKlass org/openqa/selenium/JavascriptExecutor
instanceKlass org/openqa/selenium/firefox/HasExtensions
instanceKlass org/openqa/selenium/html5/WebStorage
instanceKlass com/kms/katalon/selenium/driver/IDelayableDriver
instanceKlass com/kms/katalon/core/webui/util/WebDriverProxyUtil$$Lambda$61
instanceKlass com/kms/katalon/core/webui/util/WebDriverProxyUtil
instanceKlass javax/xml/namespace/NamespaceContext
instanceKlass org/openqa/selenium/firefox/internal/FileExtension
instanceKlass java/awt/image/RenderedImage
instanceKlass com/kms/katalon/core/webui/util/FileUtil
instanceKlass org/apache/commons/lang/math/NumberUtils
instanceKlass java/lang/ProcessImpl$2
instanceKlass java/lang/ProcessEnvironment$CheckedEntry
instanceKlass java/lang/ProcessEnvironment$CheckedEntrySet$1
instanceKlass java/lang/ProcessEnvironment$EntryComparator
instanceKlass java/lang/ProcessEnvironment$NameComparator
instanceKlass java/lang/ProcessBuilder
instanceKlass com/kms/katalon/core/webui/util/ConsoleCommandExecutor
instanceKlass com/kms/katalon/core/webui/util/FirefoxExecutable
instanceKlass java/text/FieldPosition$Delegate
instanceKlass org/openqa/selenium/json/NumberCoercer$1
instanceKlass org/openqa/selenium/json/NumberCoercer$$Lambda$60
instanceKlass org/openqa/selenium/json/JsonInput$$Lambda$59
instanceKlass org/openqa/selenium/json/BooleanCoercer$$Lambda$58
instanceKlass org/openqa/selenium/json/ObjectCoercer$1
instanceKlass org/openqa/selenium/json/ObjectCoercer$$Lambda$57
instanceKlass org/openqa/selenium/json/StringCoercer$1
instanceKlass org/openqa/selenium/json/StringCoercer$$Lambda$56
instanceKlass java/util/stream/ReduceOps$Box
instanceKlass java/util/stream/ReduceOps$AccumulatingSink
instanceKlass java/util/stream/ReduceOps$ReduceOp
instanceKlass java/util/stream/ReduceOps
instanceKlass org/openqa/selenium/json/MapCoercer$$Lambda$55
instanceKlass org/openqa/selenium/json/JsonInputIterator
instanceKlass org/openqa/selenium/json/JsonTypeCoercer$$Lambda$54
instanceKlass org/openqa/selenium/json/JsonTypeCoercer$$Lambda$53
instanceKlass org/openqa/selenium/json/JsonTypeCoercer$$Lambda$52
instanceKlass org/openqa/selenium/json/MapCoercer$$Lambda$51
instanceKlass org/openqa/selenium/json/JsonTypeCoercer$$Lambda$50
instanceKlass org/openqa/selenium/remote/SessionId
instanceKlass org/openqa/selenium/remote/Response
instanceKlass org/openqa/selenium/remote/Command
instanceKlass com/google/common/primitives/Primitives
instanceKlass org/openqa/selenium/json/Types
instanceKlass org/openqa/selenium/json/JsonTypeCoercer$$Lambda$49
instanceKlass java/util/Spliterators$ArraySpliterator
instanceKlass org/openqa/selenium/json/JsonTypeCoercer$$Lambda$48
instanceKlass org/openqa/selenium/json/Input
instanceKlass org/openqa/selenium/json/JsonInput
instanceKlass org/openqa/selenium/json/JsonTypeCoercer$$Lambda$47
instanceKlass org/openqa/selenium/json/JsonTypeCoercer$$Lambda$46
instanceKlass org/openqa/selenium/json/JsonTypeCoercer$$Lambda$45
instanceKlass org/openqa/selenium/json/JsonTypeCoercer$$Lambda$44
instanceKlass java/util/stream/Collectors$$Lambda$43
instanceKlass java/util/stream/Collectors$$Lambda$42
instanceKlass java/lang/invoke/LambdaForm$DMH
instanceKlass org/openqa/selenium/json/JsonTypeCoercer$$Lambda$41
instanceKlass org/openqa/selenium/remote/ErrorCodes$KnownError
instanceKlass org/openqa/selenium/remote/ErrorCodes
instanceKlass java/util/stream/Collectors$$Lambda$40
instanceKlass java/util/stream/Collectors
instanceKlass java/util/stream/Collectors$CollectorImpl
instanceKlass java/util/stream/Collector
instanceKlass org/openqa/selenium/json/JsonTypeCoercer$$Lambda$39
instanceKlass java/util/function/BinaryOperator
instanceKlass org/openqa/selenium/json/JsonTypeCoercer$$Lambda$38
instanceKlass org/openqa/selenium/json/JsonTypeCoercer$$Lambda$37
instanceKlass org/openqa/selenium/json/JsonTypeCoercer$$Lambda$36
instanceKlass org/openqa/selenium/json/JsonTypeCoercer$$Lambda$35
instanceKlass org/openqa/selenium/json/JsonTypeCoercer$$Lambda$34
instanceKlass java/lang/invoke/LambdaForm$DMH
instanceKlass org/openqa/selenium/json/JsonTypeCoercer$$Lambda$33
instanceKlass org/openqa/selenium/json/JsonTypeCoercer$$Lambda$32
instanceKlass java/lang/invoke/LambdaForm$DMH
instanceKlass org/openqa/selenium/json/JsonTypeCoercer$$Lambda$31
instanceKlass java/lang/invoke/LambdaForm$DMH
instanceKlass org/openqa/selenium/json/JsonTypeCoercer$$Lambda$30
instanceKlass java/lang/invoke/LambdaForm$DMH
instanceKlass com/google/common/collect/Hashing
instanceKlass org/openqa/selenium/json/TypeCoercer
instanceKlass com/google/common/collect/PeekingIterator
instanceKlass com/google/common/collect/UnmodifiableIterator
instanceKlass com/google/common/collect/Iterators
instanceKlass com/google/common/math/IntMath$1
instanceKlass com/google/common/math/MathPreconditions
instanceKlass com/google/common/math/IntMath
instanceKlass com/google/common/collect/ImmutableCollection$Builder
instanceKlass com/google/common/collect/ImmutableSet$SetBuilderImpl
instanceKlass org/openqa/selenium/json/JsonTypeCoercer
instanceKlass com/google/common/reflect/TypeCapture
instanceKlass org/openqa/selenium/json/Json
instanceKlass com/google/common/io/CharStreams
instanceKlass org/openqa/selenium/firefox/Preferences
instanceKlass com/google/common/io/ByteSource
instanceKlass com/google/common/io/LineProcessor
instanceKlass com/google/common/io/Resources
instanceKlass org/openqa/selenium/firefox/internal/Extension
instanceKlass java/util/Formatter$DateTime
instanceKlass org/openqa/selenium/AbstractCapabilities
instanceKlass org/openqa/selenium/firefox/FirefoxProfile
instanceKlass com/kms/katalon/core/webui/util/WebDriverPropertyUtil
instanceKlass com/kms/katalon/core/webui/driver/DriverConfigurationProvider
instanceKlass org/openqa/selenium/remote/http/HttpClient$Factory
instanceKlass okhttp3/Authenticator
instanceKlass org/openqa/selenium/remote/HttpCommandExecutor
instanceKlass org/openqa/selenium/logging/NeedsLocalLogs
instanceKlass org/openqa/selenium/remote/CommandExecutor
instanceKlass com/kms/katalon/core/driver/DriverType
instanceKlass org/openqa/selenium/Capabilities
instanceKlass com/kms/katalon/core/webui/driver/IDriverConfigurationProvider
instanceKlass com/kms/katalon/core/webui/driver/DriverFactory
instanceKlass com/kms/katalon/core/helper/screenshot/ScreenCaptor
instanceKlass com/kms/katalon/core/webui/keyword/internal/WebUIKeywordMain
instanceKlass com/kms/katalon/core/annotation/internal/Action
instanceKlass com/kms/katalon/core/webui/keyword/builtin/WaitForElementHasAttributeKeyword$1
instanceKlass com/kms/katalon/core/webui/keyword/builtin/WaitForElementNotHasAttributeKeyword$1
instanceKlass com/kms/katalon/core/webui/keyword/builtin/WaitForElementNotVisibleKeyword$1
instanceKlass com/kms/katalon/core/webui/keyword/builtin/WaitForJQueryLoadKeyword$1
instanceKlass com/kms/katalon/core/webui/keyword/builtin/WaitForElementNotPresentKeyword$1
instanceKlass com/kms/katalon/core/webui/keyword/builtin/WaitForAngularLoadKeyword$1
instanceKlass com/kms/katalon/core/webui/keyword/builtin/WaitForElementClickableKeyword$1
instanceKlass com/kms/katalon/core/webui/keyword/builtin/WaitForElementAttributeValueKeyword$1
instanceKlass com/kms/katalon/core/webui/keyword/builtin/WaitForElementNotClickableKeyword$1
instanceKlass org/openqa/selenium/support/ui/ExpectedCondition
instanceKlass com/kms/katalon/core/webui/keyword/builtin/VerifyElementNotPresentKeyword$1
instanceKlass com/kms/katalon/core/webui/keyword/builtin/WaitForPageLoadKeyword$1
instanceKlass com/google/common/base/Function
instanceKlass com/kms/katalon/core/keyword/internal/AbstractKeyword
instanceKlass com/kms/katalon/core/keyword/internal/IKeyword
instanceKlass com/kms/katalon/core/util/internal/KeywordLoader
instanceKlass com/kms/katalon/core/keyword/internal/KeywordExecutor
instanceKlass org/openqa/selenium/OutputType
instanceKlass org/openqa/selenium/By
instanceKlass org/openqa/selenium/Dimension
instanceKlass org/openqa/selenium/Point
instanceKlass java/awt/PaintContext
instanceKlass java/awt/RenderingHints
instanceKlass java/awt/geom/AffineTransform
instanceKlass org/openqa/selenium/Rectangle
instanceKlass org/openqa/selenium/WebElement
instanceKlass org/openqa/selenium/TakesScreenshot
instanceKlass com/kms/katalon/core/logging/KeywordLogger$KeywordStackElement
instanceKlass com/kms/katalon/core/util/TestCloudPropertyUtil
instanceKlass com/kms/katalon/core/ast/TestStepUtil
instanceKlass com/kms/katalon/core/ast/AstTextValueUtil
instanceKlass groovy/lang/PropertyValue
instanceKlass sun/reflect/generics/tree/ByteSignature
instanceKlass sun/reflect/generics/tree/CharSignature
instanceKlass sun/reflect/generics/tree/ShortSignature
instanceKlass sun/reflect/generics/tree/LongSignature
instanceKlass sun/reflect/generics/tree/FloatSignature
instanceKlass sun/reflect/generics/tree/DoubleSignature
instanceKlass com/kms/katalon/core/testobject/TestObjectProperty
instanceKlass com/kms/katalon/core/testobject/WindowsTestObject
instanceKlass com/kms/katalon/util/collections/NameValuePair
instanceKlass com/kms/katalon/core/testobject/ValidationStep
instanceKlass com/kms/katalon/core/util/StrSubstitutor
instanceKlass com/kms/katalon/core/testobject/authorization/RequestAuthorization
instanceKlass com/kms/katalon/core/testobject/HttpMessage
instanceKlass com/kms/katalon/core/testobject/HttpBodyContent
instanceKlass com/kms/katalon/core/checkpoint/CheckpointFactory
instanceKlass com/kms/katalon/core/checkpoint/Checkpoint
instanceKlass com/kms/katalon/core/keyword/BuiltinKeywords
instanceKlass com/kms/katalon/core/testobject/TestObject
instanceKlass com/kms/katalon/core/testobject/ITestObject
instanceKlass com/kms/katalon/core/testobject/SelectorCollector
instanceKlass com/kms/katalon/core/testdata/TestData
instanceKlass com/kms/katalon/core/main/DoSetContextAction
instanceKlass com/kms/katalon/core/main/TestCaseExecutor$$Lambda$29
instanceKlass com/kms/katalon/core/main/TestCaseExecutor$$Lambda$28
instanceKlass org/codehaus/groovy/control/customizers/ImportCustomizer$1
instanceKlass com/kms/katalon/core/main/ScriptEngine$1
instanceKlass com/kms/katalon/core/main/TestCaseExecutor$$Lambda$27
instanceKlass com/kms/katalon/core/annotation/TearDownIfError
instanceKlass com/kms/katalon/core/annotation/TearDownIfFailed
instanceKlass com/kms/katalon/core/annotation/TearDownIfPassed
instanceKlass com/kms/katalon/core/main/TestCaseMethodNodeWrapper
instanceKlass com/kms/katalon/core/ast/GroovyParser
instanceKlass java/math/MathContext
instanceKlass org/codehaus/groovy/syntax/Numbers
instanceKlass com/kms/katalon/core/main/TestCaseMethodNodeCollector
instanceKlass com/kms/katalon/core/keyword/internal/KeywordExecutionContext$$Lambda$26
instanceKlass com/kms/katalon/core/keyword/internal/KeywordExecutionContext
instanceKlass com/kms/katalon/core/logging/model/TestStatus
instanceKlass com/kms/katalon/core/main/TestCaseExecutor$$Lambda$25
instanceKlass com/kms/katalon/core/helper/ChromeSnapshotHelper
instanceKlass com/kms/katalon/core/testcase/Variable
instanceKlass com/kms/katalon/core/testcase/TestCase
instanceKlass org/dom4j/QName
instanceKlass org/dom4j/tree/ConcurrentReaderHashMap$Entry
instanceKlass org/dom4j/tree/ConcurrentReaderHashMap$BarrierLock
instanceKlass org/dom4j/tree/NamespaceCache
instanceKlass org/dom4j/tree/AbstractNode
instanceKlass java/util/ResourceBundle$Control$1
instanceKlass org/apache/xerces/util/SAXMessageFormatter
instanceKlass org/dom4j/io/ElementStack
instanceKlass org/dom4j/tree/NamespaceStack
instanceKlass org/dom4j/tree/QNameCache
instanceKlass org/dom4j/util/SimpleSingleton
instanceKlass org/dom4j/rule/Pattern
instanceKlass org/dom4j/util/SingletonStrategy
instanceKlass org/dom4j/CDATA
instanceKlass org/dom4j/Entity
instanceKlass org/dom4j/DocumentType
instanceKlass org/dom4j/Text
instanceKlass org/dom4j/Document
instanceKlass org/dom4j/XPath
instanceKlass org/dom4j/Comment
instanceKlass org/dom4j/CharacterData
instanceKlass org/dom4j/ProcessingInstruction
instanceKlass org/dom4j/Attribute
instanceKlass org/dom4j/NodeFilter
instanceKlass org/dom4j/DocumentFactory
instanceKlass org/dom4j/ElementPath
instanceKlass org/dom4j/Element
instanceKlass org/dom4j/Branch
instanceKlass org/dom4j/Node
instanceKlass org/dom4j/io/SAXReader$SAXEntityResolver
instanceKlass org/dom4j/io/JAXPHelper
instanceKlass org/dom4j/io/SAXHelper
instanceKlass org/dom4j/ElementHandler
instanceKlass org/xml/sax/ext/DeclHandler
instanceKlass org/xml/sax/ext/LexicalHandler
instanceKlass org/dom4j/io/SAXReader
instanceKlass com/kms/katalon/util/SAXReaderProvider
instanceKlass sun/security/pkcs/ESSCertId
instanceKlass sun/security/pkcs/SigningCertificateInfo
instanceKlass com/kms/katalon/core/main/TestCaseExecutor
instanceKlass com/google/common/base/Preconditions
instanceKlass com/google/common/base/Optional
instanceKlass com/kms/katalon/core/context/internal/InternalTestCaseContext
instanceKlass com/kms/katalon/core/context/TestCaseContext
instanceKlass org/codehaus/groovy/control/customizers/ImportCustomizer$Import
instanceKlass com/google/gson/internal/UnsafeAllocator
instanceKlass com/google/gson/internal/ConstructorConstructor$14
instanceKlass java/lang/invoke/LambdaForm$MH
instanceKlass com/kms/katalon/core/main/AnnotatedMethodCollector$$Lambda$24
instanceKlass java/lang/invoke/LambdaForm$DMH
instanceKlass com/kms/katalon/core/main/AnnotatedMethodCollector$$Lambda$23
instanceKlass com/kms/katalon/core/main/AnnotatedMethodCollector$$Lambda$22
instanceKlass java/util/HashMap$HashMapSpliterator
instanceKlass org/codehaus/groovy/runtime/metaclass/ClosureMetaClass$StandardClosureChooser
instanceKlass org/codehaus/groovy/runtime/metaclass/ClosureMetaClass$5
instanceKlass org/codehaus/groovy/runtime/metaclass/ClosureMetaClass$MethodChooser
instanceKlass org/codehaus/groovy/runtime/callsite/BooleanClosureWrapper
instanceKlass org/codehaus/groovy/control/CompilationUnit$ProgressCallback
instanceKlass org/codehaus/groovy/control/BytecodeProcessor
instanceKlass java/io/Console
instanceKlass org/codehaus/groovy/ast/builder/AstStringCompiler
instanceKlass org/codehaus/groovy/ast/builder/AstBuilder
instanceKlass com/kms/katalon/core/main/AnnotatedMethodCollector
instanceKlass com/kms/katalon/core/main/TestSuiteExecutor$ScriptCache
instanceKlass com/kms/katalon/core/context/internal/TestHooker$$Lambda$21
instanceKlass com/kms/katalon/core/logging/KeywordLogger$$Lambda$20
instanceKlass java/util/Formattable
instanceKlass org/apache/commons/lang3/ArrayUtils
instanceKlass org/apache/commons/lang3/text/translate/EntityArrays
instanceKlass org/apache/commons/lang3/text/translate/CharSequenceTranslator
instanceKlass org/apache/commons/lang3/StringEscapeUtils
instanceKlass java/net/Socket$3
instanceKlass com/azul/tooling/in/NetConnectionEvent
instanceKlass sun/net/NetHooks
instanceKlass java/net/Proxy
instanceKlass sun/net/spi/DefaultProxySelector$3
instanceKlass sun/net/spi/DefaultProxySelector$NonProxyInfo
instanceKlass sun/net/NetProperties$1
instanceKlass sun/net/NetProperties
instanceKlass sun/net/spi/DefaultProxySelector$1
instanceKlass java/net/ProxySelector
instanceKlass java/net/SocksSocketImpl$3
instanceKlass sun/misc/FloatingDecimal$ASCIIToBinaryBuffer
instanceKlass java/net/PlainSocketImpl$1
instanceKlass java/net/AbstractPlainSocketImpl$1
instanceKlass java/net/SocketImpl
instanceKlass java/net/SocketOptions
instanceKlass java/net/SocksConsts
instanceKlass java/net/InetSocketAddress$InetSocketAddressHolder
instanceKlass java/net/SocketAddress
instanceKlass sun/nio/ch/FileKey
instanceKlass sun/nio/ch/FileLockTable
instanceKlass sun/nio/ch/NativeThread
instanceKlass java/nio/channels/FileLock
instanceKlass sun/nio/ch/FileDispatcherImpl$1
instanceKlass sun/nio/ch/NativeDispatcher
instanceKlass sun/nio/ch/NativeThreadSet
instanceKlass java/net/Inet6Address$Inet6AddressHolder
instanceKlass java/net/InetAddress$CachedLocalHost
instanceKlass java/net/InetAddress$2
instanceKlass sun/net/spi/nameservice/NameService
instanceKlass java/net/Inet6AddressImpl
instanceKlass java/net/InetAddressImpl
instanceKlass java/net/InetAddressImplFactory
instanceKlass java/util/concurrent/ConcurrentSkipListMap$Node
instanceKlass sun/nio/ch/Interruptible
instanceKlass java/util/concurrent/ConcurrentSkipListMap$Index
instanceKlass java/net/InetAddress$InetAddressHolder
instanceKlass java/net/InetAddress$1
instanceKlass sun/nio/ch/IOUtil$1
instanceKlass sun/nio/ch/IOUtil
instanceKlass sun/nio/fs/WindowsChannelFactory$2
instanceKlass sun/nio/fs/WindowsChannelFactory$Flags
instanceKlass sun/nio/fs/WindowsChannelFactory$1
instanceKlass sun/nio/fs/WindowsChannelFactory
instanceKlass sun/nio/fs/WindowsSecurityDescriptor
instanceKlass java/nio/file/attribute/FileAttribute
instanceKlass java/nio/channels/spi/AbstractInterruptibleChannel
instanceKlass java/nio/channels/InterruptibleChannel
instanceKlass java/nio/channels/ScatteringByteChannel
instanceKlass java/nio/channels/GatheringByteChannel
instanceKlass java/nio/channels/SeekableByteChannel
instanceKlass java/nio/channels/ByteChannel
instanceKlass java/nio/channels/WritableByteChannel
instanceKlass java/nio/file/Paths
instanceKlass sun/util/logging/LoggingSupport$2
instanceKlass java/util/logging/ErrorManager
instanceKlass java/util/logging/FileHandler$$Lambda$19
instanceKlass java/lang/invoke/LambdaForm$DMH
instanceKlass org/apache/commons/lang/StringUtils
instanceKlass ch/qos/logback/core/pattern/SpacePadder
instanceKlass java/text/DontCareFieldPosition$1
instanceKlass java/text/Format$FieldDelegate
instanceKlass ch/qos/logback/classic/util/LogbackMDCAdapter
instanceKlass org/slf4j/impl/StaticMDCBinder
instanceKlass org/slf4j/spi/MDCAdapter
instanceKlass org/slf4j/MDC
instanceKlass org/slf4j/helpers/FormattingTuple
instanceKlass org/slf4j/helpers/MessageFormatter
instanceKlass ch/qos/logback/classic/spi/EventArgUtil
instanceKlass ch/qos/logback/classic/spi/IThrowableProxy
instanceKlass ch/qos/logback/classic/spi/LoggingEvent
instanceKlass com/kms/katalon/core/context/internal/TestListenerCollector$$Lambda$18
instanceKlass java/lang/invoke/LambdaForm$DMH
instanceKlass org/greenrobot/eventbus/Subscription
instanceKlass org/greenrobot/eventbus/SubscriberMethod
instanceKlass org/greenrobot/eventbus/Subscribe
instanceKlass org/openqa/selenium/WebDriver
instanceKlass org/openqa/selenium/SearchContext
instanceKlass com/kms/katalon/core/event/TestingEvent
instanceKlass org/greenrobot/eventbus/SubscriberMethodFinder$FindState
instanceKlass org/greenrobot/eventbus/SubscriberMethodFinder
instanceKlass org/greenrobot/eventbus/AsyncPoster
instanceKlass org/greenrobot/eventbus/PendingPostQueue
instanceKlass org/greenrobot/eventbus/BackgroundPoster
instanceKlass org/greenrobot/eventbus/Poster
instanceKlass org/greenrobot/eventbus/Logger$SystemOutLogger
instanceKlass org/greenrobot/eventbus/Logger$AndroidLogger
instanceKlass java/util/concurrent/Executors$DefaultThreadFactory
instanceKlass java/util/concurrent/ThreadFactory
instanceKlass java/util/concurrent/SynchronousQueue$TransferStack$SNode
instanceKlass java/util/concurrent/SynchronousQueue$Transferer
instanceKlass java/util/concurrent/ThreadPoolExecutor$AbortPolicy
instanceKlass java/util/concurrent/RejectedExecutionHandler
instanceKlass java/util/concurrent/AbstractExecutorService
instanceKlass java/util/concurrent/Executors
instanceKlass org/greenrobot/eventbus/MainThreadSupport
instanceKlass org/greenrobot/eventbus/Logger
instanceKlass org/greenrobot/eventbus/EventBusBuilder
instanceKlass org/greenrobot/eventbus/EventBus
instanceKlass com/kms/katalon/core/event/EventBusSingleton
instanceKlass com/google/gson/internal/Primitives
instanceKlass com/google/gson/annotations/SerializedName
instanceKlass com/google/gson/annotations/JsonAdapter
instanceKlass com/google/gson/internal/LinkedTreeMap$LinkedTreeMapIterator
instanceKlass com/google/gson/internal/ConstructorConstructor$3
instanceKlass java/util/Formatter$Conversion
instanceKlass java/util/Formatter$Flags
instanceKlass java/util/Formatter$FormatSpecifier
instanceKlass java/util/Formatter$FixedString
instanceKlass java/util/Formatter$FormatString
instanceKlass java/util/Formatter
instanceKlass com/google/gson/internal/Streams
instanceKlass com/google/gson/GsonBuilder
instanceKlass com/kms/katalon/core/util/internal/JsonUtil
instanceKlass com/kms/katalon/core/context/internal/VideoRecorderService
instanceKlass com/kms/katalon/core/context/internal/InternalTestSuiteContext
instanceKlass com/kms/katalon/core/annotation/TearDownTestCase
instanceKlass com/kms/katalon/core/annotation/SetupTestCase
instanceKlass com/kms/katalon/core/annotation/TearDown
instanceKlass com/kms/katalon/core/annotation/SetUp
instanceKlass com/kms/katalon/core/main/RetrySettings
instanceKlass com/kms/katalon/core/common/CommonExecutor
instanceKlass java/lang/invoke/LambdaForm$MH
instanceKlass com/kms/katalon/core/context/internal/TestHooker$$Lambda$17
instanceKlass java/lang/invoke/LambdaForm$DMH
instanceKlass java/lang/invoke/LambdaForm$MH
instanceKlass com/kms/katalon/core/context/internal/TestHooker$$Lambda$16
instanceKlass java/lang/invoke/LambdaForm$DMH
instanceKlass com/kms/katalon/core/context/internal/TestHooker$$Lambda$15
instanceKlass java/util/ArrayList$ArrayListSpliterator
instanceKlass com/kms/katalon/core/context/TestSuiteContext
instanceKlass com/kms/katalon/core/context/internal/TestHooker
instanceKlass KatalonReportListener
instanceKlass com/kms/katalon/core/ast/AstTestStepTransformation
instanceKlass org/codehaus/groovy/runtime/typehandling/NumberMath
instanceKlass org/codehaus/groovy/runtime/typehandling/NumberMathModificationInfo
instanceKlass java/lang/reflect/WeakCache$LookupValue
instanceKlass java/lang/annotation/Documented
instanceKlass org/codehaus/groovy/transform/GroovyASTTransformationClass
instanceKlass com/kms/katalon/core/ast/RequireAstTestStepTransformation
instanceKlass java/util/stream/ForEachOps$ForEachOp
instanceKlass java/util/stream/ForEachOps
instanceKlass com/kms/katalon/core/context/internal/TestListenerCollector$$Lambda$14
instanceKlass java/lang/invoke/LambdaForm$DMH
instanceKlass com/kms/katalon/core/context/internal/TestListenerCollector$$Lambda$13
instanceKlass com/kms/katalon/core/context/internal/TestListenerCollector$$Lambda$12
instanceKlass java/nio/file/Files$$Lambda$11
instanceKlass java/lang/invoke/LambdaForm$MH
instanceKlass java/nio/file/Files$$Lambda$10
instanceKlass java/lang/invoke/LambdaForm$DMH
instanceKlass java/util/Spliterators$IteratorSpliterator
instanceKlass java/util/Spliterator$OfDouble
instanceKlass java/util/Spliterator$OfLong
instanceKlass java/util/Spliterators$EmptySpliterator
instanceKlass java/util/Spliterators
instanceKlass java/nio/file/FileTreeWalker$Event
instanceKlass sun/nio/fs/WindowsDirectoryStream$WindowsDirectoryIterator
instanceKlass java/nio/file/FileTreeWalker$DirectoryNode
instanceKlass sun/nio/fs/WindowsDirectoryStream
instanceKlass java/nio/file/DirectoryStream
instanceKlass java/nio/file/Files$AcceptAllFilter
instanceKlass java/nio/file/DirectoryStream$Filter
instanceKlass sun/nio/fs/WindowsNativeDispatcher$BackupResult
instanceKlass sun/nio/fs/WindowsNativeDispatcher$CompletionStatus
instanceKlass sun/nio/fs/WindowsNativeDispatcher$AclInformation
instanceKlass sun/nio/fs/WindowsNativeDispatcher$Account
instanceKlass sun/nio/fs/WindowsNativeDispatcher$DiskFreeSpace
instanceKlass sun/nio/fs/WindowsNativeDispatcher$VolumeInformation
instanceKlass sun/nio/fs/WindowsNativeDispatcher$FirstStream
instanceKlass sun/nio/fs/WindowsNativeDispatcher$FirstFile
instanceKlass sun/nio/fs/WindowsNativeDispatcher$1
instanceKlass sun/nio/fs/WindowsNativeDispatcher
instanceKlass sun/nio/fs/NativeBuffer$Deallocator
instanceKlass sun/nio/fs/NativeBuffer
instanceKlass sun/nio/fs/NativeBuffers
instanceKlass sun/nio/fs/WindowsFileAttributes
instanceKlass java/nio/file/attribute/DosFileAttributes
instanceKlass sun/nio/fs/AbstractBasicFileAttributeView
instanceKlass sun/nio/fs/DynamicFileAttributeView
instanceKlass sun/nio/fs/WindowsFileAttributeViews
instanceKlass java/nio/file/attribute/BasicFileAttributeView
instanceKlass java/nio/file/attribute/FileAttributeView
instanceKlass java/nio/file/attribute/AttributeView
instanceKlass java/nio/file/attribute/BasicFileAttributes
instanceKlass java/nio/file/FileTreeWalker
instanceKlass java/nio/file/FileTreeIterator
instanceKlass java/nio/file/Files
instanceKlass java/nio/file/FileSystems$DefaultFileSystemHolder$1
instanceKlass java/nio/file/FileSystems$DefaultFileSystemHolder
instanceKlass java/nio/file/FileSystems
instanceKlass com/kms/katalon/core/annotation/BeforeTestDataBindToTestCase
instanceKlass com/kms/katalon/core/annotation/AfterTestCase
instanceKlass com/kms/katalon/core/annotation/BeforeTestCase
instanceKlass com/kms/katalon/core/annotation/AfterTestSuite
instanceKlass com/kms/katalon/core/annotation/BeforeTestSuite
instanceKlass com/kms/katalon/core/context/internal/TestListenerCollector
instanceKlass com/kms/katalon/core/context/internal/ExecutionListenerEventHandler
instanceKlass javassist/bytecode/Descriptor
instanceKlass javassist/bytecode/ExceptionTable
instanceKlass javassist/bytecode/Opcode
instanceKlass javassist/bytecode/MethodInfo
instanceKlass javassist/bytecode/FieldInfo
instanceKlass javassist/bytecode/LongVector
instanceKlass javassist/bytecode/ConstInfo
instanceKlass javassist/bytecode/ConstPool
instanceKlass javassist/CtMember
instanceKlass javassist/bytecode/AttributeInfo
instanceKlass javassist/ClassPathList
instanceKlass javassist/ClassClassPath
instanceKlass javassist/bytecode/ClassFile
instanceKlass javassist/ClassPath
instanceKlass javassist/ClassPoolTail
instanceKlass javassist/CtClass
instanceKlass javassist/ClassPool
instanceKlass org/codehaus/groovy/runtime/metaclass/DefaultMetaClassInfo$ConstantMetaClassVersioning
instanceKlass org/codehaus/groovy/runtime/metaclass/DefaultMetaClassInfo
instanceKlass com/kms/katalon/core/logging/ErrorCollector
instanceKlass com/kms/katalon/core/constants/CoreConstants
instanceKlass java/util/logging/LogRecord
instanceKlass java/util/logging/Formatter
instanceKlass com/kms/katalon/core/logging/XmlKeywordLogger
instanceKlass java/util/StringJoiner
instanceKlass groovy/lang/DelegatingMetaClass
instanceKlass CustomKeywords
instanceKlass groovy/lang/GroovyClassLoader$2
instanceKlass com/kms/katalon/core/main/ScriptEngine$CompilerConfigurationProvider
instanceKlass groovy/util/GroovyScriptEngine$2
instanceKlass groovy/util/GroovyScriptEngine$1
instanceKlass ch/qos/logback/classic/selector/DefaultContextSelector
instanceKlass ch/qos/logback/core/util/StatusPrinter
instanceKlass ch/qos/logback/core/status/StatusUtil
instanceKlass ch/qos/logback/core/spi/AppenderAttachableImpl
instanceKlass ch/qos/logback/classic/util/LoggerNameUtil
instanceKlass java/lang/StringCoding$StringEncoder
instanceKlass ch/qos/logback/core/util/EnvUtil
instanceKlass ch/qos/logback/classic/pattern/TargetLengthBasedClassNameAbbreviator
instanceKlass java/text/DigitList
instanceKlass java/text/FieldPosition
instanceKlass java/util/Currency$CurrencyNameGetter
instanceKlass java/util/Currency$1
instanceKlass java/text/DecimalFormatSymbols
instanceKlass java/util/concurrent/atomic/AtomicMarkableReference$Pair
instanceKlass java/util/concurrent/atomic/AtomicMarkableReference
instanceKlass java/util/Collections$UnmodifiableList$1
instanceKlass sun/util/locale/LanguageTag
instanceKlass java/util/ResourceBundle$CacheKeyReference
instanceKlass java/util/ResourceBundle$RBClassLoader$1
instanceKlass java/util/spi/ResourceBundleControlProvider
instanceKlass sun/util/resources/LocaleData$1
instanceKlass sun/util/resources/LocaleData
instanceKlass sun/util/locale/provider/LocaleResources
instanceKlass sun/util/locale/provider/CalendarDataUtility$CalendarWeekParameterGetter
instanceKlass sun/util/locale/provider/LocaleServiceProviderPool$LocalizedObjectGetter
instanceKlass sun/util/locale/provider/SPILocaleProviderAdapter$1
instanceKlass sun/util/locale/provider/LocaleServiceProviderPool
instanceKlass sun/util/locale/provider/CalendarDataUtility
instanceKlass java/util/Calendar$Builder
instanceKlass sun/util/locale/provider/JRELocaleProviderAdapter$1
instanceKlass sun/util/locale/provider/LocaleDataMetaInfo
instanceKlass sun/util/locale/provider/AvailableLanguageTags
instanceKlass sun/util/locale/provider/LocaleProviderAdapter$1
instanceKlass sun/util/locale/provider/ResourceBundleBasedAdapter
instanceKlass sun/util/locale/provider/LocaleProviderAdapter
instanceKlass java/util/spi/LocaleServiceProvider
instanceKlass java/util/TimeZone$1
instanceKlass sun/util/calendar/ZoneInfoFile$ZoneOffsetTransitionRule
instanceKlass sun/util/calendar/ZoneInfoFile$1
instanceKlass sun/util/calendar/ZoneInfoFile
instanceKlass java/text/AttributedCharacterIterator$Attribute
instanceKlass ch/qos/logback/core/util/CachingDateFormatter
instanceKlass ch/qos/logback/core/pattern/ConverterUtil
instanceKlass ch/qos/logback/classic/pattern/Abbreviator
instanceKlass ch/qos/logback/core/pattern/FormatInfo
instanceKlass ch/qos/logback/core/pattern/util/AsIsEscapeUtil
instanceKlass ch/qos/logback/core/pattern/parser/OptionTokenizer
instanceKlass ch/qos/logback/core/pattern/parser/TokenStream$1
instanceKlass ch/qos/logback/core/pattern/util/RestrictedEscapeUtil
instanceKlass ch/qos/logback/core/pattern/parser/TokenStream
instanceKlass ch/qos/logback/core/pattern/util/RegularEscapeUtil
instanceKlass ch/qos/logback/classic/pattern/EnsureExceptionHandling
instanceKlass ch/qos/logback/core/pattern/Converter
instanceKlass ch/qos/logback/core/pattern/parser/Token
instanceKlass ch/qos/logback/core/pattern/parser/Node
instanceKlass ch/qos/logback/core/pattern/util/IEscapeUtil
instanceKlass ch/qos/logback/core/pattern/PostCompileProcessor
instanceKlass ch/qos/logback/core/CoreConstants
instanceKlass ch/qos/logback/core/joran/spi/NoAutoStart
instanceKlass ch/qos/logback/core/joran/spi/NoAutoStartUtil
instanceKlass ch/qos/logback/core/joran/action/IADataForComplexProperty
instanceKlass ch/qos/logback/core/joran/util/PropertySetter$1
instanceKlass ch/qos/logback/core/joran/action/IADataForBasicProperty
instanceKlass ch/qos/logback/core/joran/action/NestedBasicPropertyIA$1
instanceKlass ch/qos/logback/core/joran/action/NestedComplexPropertyIA$1
instanceKlass ch/qos/logback/core/joran/util/StringToObjectConverter
instanceKlass ch/qos/logback/core/joran/util/beans/BeanDescription
instanceKlass ch/qos/logback/core/joran/util/beans/BeanUtil
instanceKlass ch/qos/logback/core/subst/NodeToStringTransformer$1
instanceKlass ch/qos/logback/core/subst/Node
instanceKlass ch/qos/logback/core/subst/Parser$1
instanceKlass ch/qos/logback/core/subst/Parser
instanceKlass ch/qos/logback/core/subst/Token
instanceKlass ch/qos/logback/core/subst/Tokenizer$1
instanceKlass ch/qos/logback/core/subst/Tokenizer
instanceKlass ch/qos/logback/core/subst/NodeToStringTransformer
instanceKlass ch/qos/logback/core/util/COWArrayList
instanceKlass ch/qos/logback/core/spi/FilterAttachableImpl
instanceKlass ch/qos/logback/classic/util/EnvUtil
instanceKlass ch/qos/logback/core/net/ssl/SecureRandomFactoryBean
instanceKlass ch/qos/logback/core/net/ssl/TrustManagerFactoryFactoryBean
instanceKlass ch/qos/logback/core/net/ssl/KeyManagerFactoryFactoryBean
instanceKlass ch/qos/logback/core/net/ssl/KeyStoreFactoryBean
instanceKlass ch/qos/logback/core/net/ssl/SSLContextFactoryBean
instanceKlass ch/qos/logback/core/net/ssl/SSLComponent
instanceKlass ch/qos/logback/core/net/ssl/SSLNestedComponentRegistryRules
instanceKlass ch/qos/logback/core/boolex/EventEvaluator
instanceKlass ch/qos/logback/core/encoder/Encoder
instanceKlass ch/qos/logback/core/joran/spi/HostClassAndPropertyDouble
instanceKlass ch/qos/logback/core/Layout
instanceKlass ch/qos/logback/classic/util/DefaultNestedComponentRules
instanceKlass ch/qos/logback/core/joran/spi/EventPlayer
instanceKlass ch/qos/logback/core/joran/spi/DefaultNestedComponentRegistry
instanceKlass ch/qos/logback/core/joran/spi/Interpreter
instanceKlass ch/qos/logback/core/Appender
instanceKlass ch/qos/logback/core/spi/FilterAttachable
instanceKlass com/sun/jmx/mbeanserver/Util
instanceKlass javax/management/ObjectName$Property
instanceKlass com/sun/jmx/mbeanserver/GetPropertyAction
instanceKlass javax/management/ObjectName
instanceKlass javax/management/QueryExp
instanceKlass ch/qos/logback/classic/spi/PlatformInfo
instanceKlass ch/qos/logback/core/sift/AppenderFactory
instanceKlass org/xml/sax/helpers/AttributesImpl
instanceKlass org/xml/sax/helpers/LocatorImpl
instanceKlass ch/qos/logback/core/joran/event/SaxEvent
instanceKlass org/apache/xerces/impl/Constants$ArrayEnumeration
instanceKlass org/apache/xerces/impl/Constants
instanceKlass org/apache/xerces/parsers/AbstractSAXParser$LocatorProxy
instanceKlass org/xml/sax/ext/Locator2
instanceKlass org/apache/xerces/util/XMLSymbols
instanceKlass org/apache/xerces/util/XMLChar
instanceKlass org/apache/xerces/impl/XMLEntityManager$EncodingInfo
instanceKlass org/apache/xerces/util/URI
instanceKlass org/apache/xerces/xni/parser/XMLInputSource
instanceKlass org/apache/xerces/util/ErrorHandlerWrapper
instanceKlass org/apache/xerces/impl/ExternalSubsetResolver
instanceKlass org/apache/xerces/util/EntityResolverWrapper
instanceKlass org/xml/sax/ext/EntityResolver2
instanceKlass org/apache/xerces/parsers/AbstractSAXParser$AttributesProxy
instanceKlass org/xml/sax/ext/Attributes2
instanceKlass org/apache/xerces/impl/msg/XMLMessageFormatter
instanceKlass org/apache/xerces/impl/XMLVersionDetector
instanceKlass org/apache/xerces/impl/validation/ValidationManager
instanceKlass org/apache/xerces/impl/dv/dtd/NMTOKENDatatypeValidator
instanceKlass org/apache/xerces/impl/dv/dtd/NOTATIONDatatypeValidator
instanceKlass org/apache/xerces/impl/dv/dtd/ENTITYDatatypeValidator
instanceKlass org/apache/xerces/impl/dv/dtd/ListDatatypeValidator
instanceKlass org/apache/xerces/impl/dv/dtd/IDREFDatatypeValidator
instanceKlass org/apache/xerces/impl/dv/dtd/IDDatatypeValidator
instanceKlass org/apache/xerces/impl/dv/dtd/StringDatatypeValidator
instanceKlass org/apache/xerces/impl/dv/DatatypeValidator
instanceKlass org/apache/xerces/impl/dv/SecuritySupport$3
instanceKlass org/apache/xerces/impl/dv/SecuritySupport$2
instanceKlass org/apache/xerces/impl/dv/SecuritySupport$1
instanceKlass org/apache/xerces/impl/dv/SecuritySupport$4
instanceKlass org/apache/xerces/impl/dv/SecuritySupport
instanceKlass org/apache/xerces/impl/dv/ObjectFactory
instanceKlass org/apache/xerces/impl/dv/DTDDVFactory
instanceKlass org/apache/xerces/impl/dtd/DTDGrammarBucket
instanceKlass org/apache/xerces/impl/dtd/XMLAttributeDecl
instanceKlass org/apache/xerces/impl/dtd/XMLSimpleType
instanceKlass org/apache/xerces/impl/dtd/XMLElementDecl
instanceKlass org/apache/xerces/impl/validation/ValidationState
instanceKlass org/apache/xerces/impl/dv/ValidationContext
instanceKlass org/apache/xerces/impl/dtd/DTDGrammar
instanceKlass org/apache/xerces/xni/grammars/Grammar
instanceKlass org/apache/xerces/impl/validation/EntityState
instanceKlass org/apache/xerces/impl/dtd/XMLEntityDecl
instanceKlass org/apache/xerces/impl/dtd/XMLDTDProcessor
instanceKlass org/apache/xerces/xni/parser/XMLDTDContentModelFilter
instanceKlass org/apache/xerces/xni/parser/XMLDTDFilter
instanceKlass org/apache/xerces/impl/XMLDocumentScannerImpl$TrailingMiscDispatcher
instanceKlass org/apache/xerces/impl/XMLDocumentScannerImpl$DTDDispatcher
instanceKlass org/apache/xerces/impl/XMLDocumentScannerImpl$PrologDispatcher
instanceKlass org/apache/xerces/impl/XMLDocumentScannerImpl$XMLDeclDispatcher
instanceKlass org/apache/xerces/util/NamespaceSupport
instanceKlass org/apache/xerces/util/XMLAttributesImpl$Attribute
instanceKlass org/apache/xerces/util/XMLAttributesImpl
instanceKlass org/apache/xerces/impl/XMLDocumentFragmentScannerImpl$FragmentContentDispatcher
instanceKlass org/apache/xerces/xni/QName
instanceKlass org/apache/xerces/impl/XMLDocumentFragmentScannerImpl$ElementStack
instanceKlass org/apache/xerces/xni/grammars/XMLDTDDescription
instanceKlass org/apache/xerces/xni/grammars/XMLGrammarDescription
instanceKlass org/apache/xerces/impl/XMLDocumentFragmentScannerImpl$Dispatcher
instanceKlass org/apache/xerces/xni/XMLAttributes
instanceKlass org/apache/xerces/xni/XMLString
instanceKlass org/apache/xerces/impl/XMLScanner
instanceKlass org/apache/xerces/impl/XMLEntityHandler
instanceKlass org/apache/xerces/impl/XMLErrorReporter
instanceKlass org/apache/xerces/impl/XMLEntityManager$CharacterBuffer
instanceKlass org/apache/xerces/impl/XMLEntityManager$CharacterBufferPool
instanceKlass org/apache/xerces/impl/XMLEntityManager$ByteBufferPool
instanceKlass org/apache/xerces/util/AugmentationsImpl$AugmentationsItemsContainer
instanceKlass org/apache/xerces/util/AugmentationsImpl
instanceKlass org/apache/xerces/util/XMLResourceIdentifierImpl
instanceKlass org/apache/xerces/impl/XMLEntityManager$1
instanceKlass org/apache/xerces/xni/Augmentations
instanceKlass org/apache/xerces/impl/XMLEntityScanner
instanceKlass org/apache/xerces/impl/XMLEntityManager$Entity
instanceKlass org/apache/xerces/xni/XMLResourceIdentifier
instanceKlass org/apache/xerces/impl/XMLEntityManager
instanceKlass org/apache/xerces/util/SymbolTable$Entry
instanceKlass org/apache/xerces/xni/grammars/XMLGrammarPool
instanceKlass org/apache/xerces/util/SymbolTable
instanceKlass org/apache/xerces/xni/NamespaceContext
instanceKlass org/apache/xerces/impl/dtd/XMLDTDValidator
instanceKlass org/apache/xerces/xni/XMLLocator
instanceKlass org/apache/xerces/util/MessageFormatter
instanceKlass org/apache/xerces/impl/dtd/XMLDTDValidatorFilter
instanceKlass org/apache/xerces/xni/parser/XMLDocumentScanner
instanceKlass org/apache/xerces/xni/parser/XMLDTDScanner
instanceKlass org/apache/xerces/xni/parser/XMLDTDContentModelSource
instanceKlass org/apache/xerces/util/ParserConfigurationSettings
instanceKlass org/apache/xerces/parsers/XML11Configurable
instanceKlass org/apache/xerces/xni/parser/XMLPullParserConfiguration
instanceKlass org/apache/xerces/xni/parser/XMLParserConfiguration
instanceKlass org/apache/xerces/parsers/SecuritySupport$6
instanceKlass org/apache/xerces/parsers/SecuritySupport$7
instanceKlass org/apache/xerces/parsers/SecuritySupport$3
instanceKlass org/apache/xerces/parsers/SecuritySupport$2
instanceKlass org/apache/xerces/parsers/SecuritySupport$1
instanceKlass org/apache/xerces/parsers/SecuritySupport$4
instanceKlass org/apache/xerces/parsers/SecuritySupport
instanceKlass org/apache/xerces/parsers/ObjectFactory
instanceKlass org/xml/sax/Attributes
instanceKlass org/xml/sax/AttributeList
instanceKlass org/xml/sax/Locator
instanceKlass org/apache/xerces/xni/parser/XMLErrorHandler
instanceKlass org/apache/xerces/xni/parser/XMLEntityResolver
instanceKlass org/apache/xerces/parsers/XMLParser
instanceKlass org/apache/xerces/xni/XMLDTDContentModelHandler
instanceKlass org/apache/xerces/jaxp/TeeXMLDocumentFilterImpl
instanceKlass org/apache/xerces/impl/xs/XMLSchemaValidator
instanceKlass org/apache/xerces/impl/xs/XSElementDeclHelper
instanceKlass org/apache/xerces/impl/RevalidationHandler
instanceKlass org/apache/xerces/impl/xs/identity/FieldActivator
instanceKlass org/apache/xerces/xni/parser/XMLDocumentFilter
instanceKlass org/apache/xerces/xni/parser/XMLDocumentSource
instanceKlass org/apache/xerces/xni/XMLDocumentHandler
instanceKlass org/apache/xerces/xni/parser/XMLComponent
instanceKlass org/apache/xerces/xni/parser/XMLComponentManager
instanceKlass org/apache/xerces/xni/parser/XMLDTDSource
instanceKlass org/apache/xerces/xni/XMLDTDHandler
instanceKlass org/xml/sax/DocumentHandler
instanceKlass org/xml/sax/Parser
instanceKlass org/xml/sax/XMLReader
instanceKlass org/apache/xerces/xs/PSVIProvider
instanceKlass org/apache/xerces/jaxp/JAXPConstants
instanceKlass javax/xml/parsers/SAXParser
instanceKlass java/util/ServiceLoader$1
instanceKlass java/util/ServiceLoader$LazyIterator
instanceKlass java/util/ServiceLoader
instanceKlass javax/xml/parsers/FactoryFinder$1
instanceKlass javax/xml/parsers/SecuritySupport$4
instanceKlass javax/xml/parsers/SecuritySupport$2
instanceKlass javax/xml/parsers/SecuritySupport
instanceKlass javax/xml/parsers/FactoryFinder
instanceKlass javax/xml/parsers/SAXParserFactory
instanceKlass ch/qos/logback/core/spi/ContextAwareImpl
instanceKlass ch/qos/logback/core/joran/spi/ElementPath
instanceKlass org/xml/sax/helpers/DefaultHandler
instanceKlass org/xml/sax/ErrorHandler
instanceKlass org/xml/sax/ContentHandler
instanceKlass org/xml/sax/DTDHandler
instanceKlass org/xml/sax/EntityResolver
instanceKlass org/xml/sax/InputSource
instanceKlass sun/net/DefaultProgressMeteringPolicy
instanceKlass sun/net/ProgressMeteringPolicy
instanceKlass sun/net/ProgressMonitor
instanceKlass java/net/URLEncoder
instanceKlass java/net/URLDecoder
instanceKlass ch/qos/logback/core/joran/util/ConfigurationWatchListUtil
instanceKlass ch/qos/logback/core/joran/event/InPlayListener
instanceKlass ch/qos/logback/core/joran/spi/RuleStore
instanceKlass ch/qos/logback/core/spi/ContextAwareBase
instanceKlass ch/qos/logback/core/spi/ContextAware
instanceKlass ch/qos/logback/core/status/StatusBase
instanceKlass org/codehaus/groovy/control/SourceExtensionHandler
instanceKlass groovy/lang/GroovyClassLoader$1$1
instanceKlass sun/security/provider/PolicyFile$7
instanceKlass sun/security/provider/PolicyFile$5
instanceKlass sun/security/provider/PolicyFile$PolicyEntry
instanceKlass java/util/Vector$1
instanceKlass sun/security/provider/PolicyParser$PermissionEntry
instanceKlass sun/security/provider/PolicyParser$GrantEntry
instanceKlass java/io/StreamTokenizer
instanceKlass sun/security/util/PolicyUtil
instanceKlass sun/security/provider/PolicyParser
instanceKlass sun/security/util/PropertyExpander
instanceKlass sun/security/provider/PolicyFile$3
instanceKlass java/security/ProtectionDomain$2$1
instanceKlass sun/misc/JavaSecurityProtectionDomainAccess$ProtectionDomainCache
instanceKlass sun/security/provider/PolicyFile$PolicyInfo
instanceKlass sun/security/provider/PolicyFile$1
instanceKlass java/security/Policy$1
instanceKlass java/security/Policy$PolicyInfo
instanceKlass java/security/Policy
instanceKlass ch/qos/logback/core/util/Loader$1
instanceKlass ch/qos/logback/core/util/Loader
instanceKlass ch/qos/logback/core/util/OptionHelper
instanceKlass ch/qos/logback/core/status/StatusListener
instanceKlass ch/qos/logback/core/util/StatusListenerConfigHelper
instanceKlass ch/qos/logback/classic/util/ContextInitializer
instanceKlass ch/qos/logback/classic/selector/ContextSelector
instanceKlass ch/qos/logback/classic/util/ContextSelectorStaticBinder
instanceKlass ch/qos/logback/classic/Level
instanceKlass ch/qos/logback/classic/spi/ILoggingEvent
instanceKlass ch/qos/logback/core/spi/DeferredProcessingAware
instanceKlass ch/qos/logback/classic/Logger
instanceKlass ch/qos/logback/core/spi/AppenderAttachable
instanceKlass org/slf4j/spi/LocationAwareLogger
instanceKlass ch/qos/logback/classic/spi/LoggerContextVO
instanceKlass ch/qos/logback/core/spi/LogbackLock
instanceKlass ch/qos/logback/core/helpers/CyclicBuffer
instanceKlass ch/qos/logback/core/BasicStatusManager
instanceKlass ch/qos/logback/core/status/Status
instanceKlass java/util/concurrent/ExecutorService
instanceKlass java/util/concurrent/Executor
instanceKlass ch/qos/logback/core/status/StatusManager
instanceKlass ch/qos/logback/core/ContextBase
instanceKlass ch/qos/logback/core/spi/LifeCycle
instanceKlass ch/qos/logback/core/Context
instanceKlass ch/qos/logback/core/spi/PropertyContainer
instanceKlass org/slf4j/impl/StaticLoggerBinder
instanceKlass org/slf4j/spi/LoggerFactoryBinder
instanceKlass org/slf4j/helpers/Util
instanceKlass org/slf4j/helpers/NOPLoggerFactory
instanceKlass java/util/concurrent/LinkedBlockingQueue$Node
instanceKlass java/util/concurrent/locks/AbstractQueuedSynchronizer$ConditionObject
instanceKlass java/util/concurrent/locks/Condition
instanceKlass org/slf4j/Logger
instanceKlass org/slf4j/helpers/SubstituteLoggerFactory
instanceKlass org/slf4j/ILoggerFactory
instanceKlass org/slf4j/event/LoggingEvent
instanceKlass org/slf4j/LoggerFactory
instanceKlass java/util/stream/Sink$ChainedReference
instanceKlass java/util/stream/FindOps$$Lambda$9
instanceKlass java/lang/invoke/LambdaForm$DMH
instanceKlass java/util/stream/FindOps$FindSink
instanceKlass java/util/stream/TerminalSink
instanceKlass java/util/stream/Sink
instanceKlass java/util/stream/FindOps$$Lambda$8
instanceKlass java/lang/invoke/LambdaForm$DMH
instanceKlass java/util/stream/FindOps$FindOp
instanceKlass java/util/stream/TerminalOp
instanceKlass java/util/stream/FindOps
instanceKlass com/kms/katalon/core/main/LogbackConfigurator$$Lambda$7
instanceKlass java/lang/invoke/LambdaForm$DMH
instanceKlass java/util/stream/StreamOpFlag$MaskBuilder
instanceKlass java/util/stream/PipelineHelper
instanceKlass java/util/stream/StreamSupport
instanceKlass java/util/LinkedList$LLSpliterator
instanceKlass org/apache/commons/io/filefilter/ConditionalFileFilter
instanceKlass org/apache/commons/io/filefilter/FileFilterUtils
instanceKlass org/apache/commons/io/filefilter/TrueFileFilter
instanceKlass org/apache/commons/io/FilenameUtils
instanceKlass org/apache/commons/io/filefilter/AbstractFileFilter
instanceKlass org/apache/commons/lang3/StringUtils
instanceKlass com/kms/katalon/core/main/LogbackConfigurator
instanceKlass com/kms/katalon/core/context/internal/ExecutionEventManager
instanceKlass com/kms/katalon/core/main/TestResult
instanceKlass groovy/util/GroovyScriptEngine
instanceKlass groovy/util/ResourceConnector
instanceKlass com/google/gson/internal/bind/ObjectTypeAdapter$2
instanceKlass com/google/gson/internal/LinkedTreeMap$Node
instanceKlass com/google/gson/internal/LinkedTreeMap$1
instanceKlass com/google/gson/internal/ConstructorConstructor$13
instanceKlass java/util/concurrent/ConcurrentNavigableMap
instanceKlass com/google/gson/internal/JsonReaderInternalAccess
instanceKlass com/google/gson/internal/$Gson$Types$ParameterizedTypeImpl
instanceKlass org/apache/commons/io/IOUtils
instanceKlass org/apache/commons/io/Charsets
instanceKlass java/nio/channels/ReadableByteChannel
instanceKlass java/nio/channels/Channel
instanceKlass org/apache/commons/io/filefilter/IOFileFilter
instanceKlass java/io/FilenameFilter
instanceKlass java/io/FileFilter
instanceKlass org/apache/commons/io/FileUtils
instanceKlass com/google/gson/internal/bind/ReflectiveTypeAdapterFactory$BoundField
instanceKlass com/google/gson/internal/bind/ReflectiveTypeAdapterFactory
instanceKlass com/google/gson/internal/bind/JsonAdapterAnnotationTypeAdapterFactory
instanceKlass com/google/gson/internal/bind/MapTypeAdapterFactory
instanceKlass com/google/gson/internal/bind/CollectionTypeAdapterFactory
instanceKlass com/google/gson/internal/bind/ArrayTypeAdapter$1
instanceKlass com/google/gson/internal/bind/SqlDateTypeAdapter$1
instanceKlass com/google/gson/internal/bind/TimeTypeAdapter$1
instanceKlass java/text/Format
instanceKlass com/google/gson/internal/bind/DateTypeAdapter$1
instanceKlass java/util/concurrent/atomic/AtomicLongArray
instanceKlass com/google/gson/internal/bind/ObjectTypeAdapter$1
instanceKlass com/google/gson/internal/bind/TypeAdapters$30
instanceKlass com/google/gson/internal/bind/TypeAdapters$34
instanceKlass com/google/gson/internal/bind/TypeAdapters$26
instanceKlass java/util/Currency
instanceKlass java/util/UUID
instanceKlass com/google/gson/internal/bind/TypeAdapters$35
instanceKlass java/net/InetAddress
instanceKlass java/util/concurrent/atomic/AtomicIntegerArray
instanceKlass java/util/concurrent/atomic/AtomicBoolean
instanceKlass com/google/gson/internal/bind/TypeAdapters$33
instanceKlass com/google/gson/internal/bind/TypeAdapters$32
instanceKlass com/google/gson/internal/bind/TypeAdapters
instanceKlass com/google/gson/internal/ObjectConstructor
instanceKlass com/google/gson/internal/ConstructorConstructor
instanceKlass com/google/gson/internal/Excluder
instanceKlass com/google/gson/internal/$Gson$Types
instanceKlass com/google/gson/internal/$Gson$Preconditions
instanceKlass com/google/gson/reflect/TypeToken
instanceKlass com/google/gson/TypeAdapterFactory
instanceKlass com/google/gson/stream/JsonWriter
instanceKlass com/google/gson/JsonElement
instanceKlass com/google/gson/stream/JsonReader
instanceKlass com/google/gson/TypeAdapter
instanceKlass com/google/gson/FieldNamingStrategy
instanceKlass com/google/gson/Gson
instanceKlass org/apache/commons/lang3/tuple/Pair
instanceKlass com/kms/katalon/core/setting/VideoRecorderSetting
instanceKlass com/kms/katalon/core/network/ProxyInformation
instanceKlass org/eclipse/osgi/internal/util/SupplementDebug
instanceKlass org/eclipse/osgi/util/NLS$1
instanceKlass org/eclipse/osgi/util/NLS
instanceKlass java/security/cert/CertPathValidatorException$Reason
instanceKlass java/time/Instant$1
instanceKlass java/time/format/DateTimePrintContext
instanceKlass java/time/format/DateTimeFormatter$$Lambda$6
instanceKlass java/time/format/DateTimeFormatter$$Lambda$5
instanceKlass java/time/Period
instanceKlass java/time/chrono/ChronoPeriod
instanceKlass java/time/format/DateTimeFormatterBuilder$TextPrinterParser
instanceKlass java/time/format/DateTimeTextProvider$1
instanceKlass java/time/format/DateTimeTextProvider
instanceKlass java/util/Collections$1
instanceKlass java/util/AbstractMap$SimpleImmutableEntry
instanceKlass java/time/format/DateTimeTextProvider$LocaleStore
instanceKlass java/time/format/DateTimeFormatterBuilder$InstantPrinterParser
instanceKlass java/time/format/DateTimeFormatterBuilder$StringLiteralPrinterParser
instanceKlass java/time/format/DateTimeFormatterBuilder$ZoneIdPrinterParser
instanceKlass java/time/format/DateTimeFormatterBuilder$FractionPrinterParser
instanceKlass java/time/format/DateTimeFormatterBuilder$OffsetIdPrinterParser
instanceKlass java/time/format/DecimalStyle
instanceKlass java/time/format/DateTimeFormatterBuilder$CompositePrinterParser
instanceKlass java/util/Locale$1
instanceKlass java/time/chrono/AbstractChronology$$Lambda$4
instanceKlass java/time/chrono/AbstractChronology$$Lambda$3
instanceKlass java/time/chrono/AbstractChronology$$Lambda$2
instanceKlass java/lang/invoke/LambdaForm$BMH
instanceKlass java/lang/invoke/LambdaForm$MH
instanceKlass java/lang/invoke/LambdaForm$DMH
instanceKlass java/lang/invoke/LambdaForm$DMH
instanceKlass java/lang/invoke/LambdaForm$BMH
instanceKlass java/lang/invoke/LambdaForm$BMH
instanceKlass java/time/chrono/AbstractChronology
